<?xml version="1.0" encoding="UTF-8"?>
<!-- Generated by org.testng.reporters.JUnitReportReporter -->
<testsuite hostname="CDWILT004" failures="0" tests="1" name="phase2_TestNG_Basics001.Phase2_TestNG004_Paramaters2" time="2.976" errors="0" timestamp="2022-06-03T11:56:03 SGT" skipped="0">
  <testcase classname="phase2_TestNG_Basics001.Phase2_TestNG004_Paramaters2" name="defineDriver" time="2.976"/>
  <system-out/>
</testsuite> <!-- phase2_TestNG_Basics001.Phase2_TestNG004_Paramaters2 -->
