<?xml version="1.0" encoding="UTF-8"?>
<!-- Generated by org.testng.reporters.JUnitReportReporter -->
<testsuite hostname="CDWILT004" failures="0" tests="1" name="phase2_TestNG_Basics001.Phase2_TestNG002" time="0.001" errors="0" timestamp="2022-06-02T18:09:59 SGT" skipped="0">
  <testcase classname="phase2_TestNG_Basics001.Phase2_TestNG002" name="tMethod1" time="0.001"/>
  <system-out/>
</testsuite> <!-- phase2_TestNG_Basics001.Phase2_TestNG002 -->
