<?xml version="1.0" encoding="UTF-8"?>
<!-- Generated by org.testng.reporters.JUnitReportReporter -->
<testsuite hostname="CDWILT004" failures="0" tests="1" name="phase2_TestNG_Basics001.Phase2_TestNG001" time="0.005" errors="0" timestamp="2022-06-03T10:45:10 SGT" skipped="0">
  <testcase classname="phase2_TestNG_Basics001.Phase2_TestNG001" name="tMethod1" time="0.005"/>
  <system-out/>
</testsuite> <!-- phase2_TestNG_Basics001.Phase2_TestNG001 -->
