<?xml version="1.0" encoding="UTF-8"?>
<!-- Generated by org.testng.reporters.JUnitReportReporter -->
<testsuite hostname="CDWILT004" failures="0" tests="4" name="phase2_TestNG_Basics001.Phase2_TestNG005_Dataprovider" time="20.216" errors="0" timestamp="2022-06-03T11:26:08 SGT" skipped="0">
  <testcase classname="phase2_TestNG_Basics001.Phase2_TestNG005_Dataprovider" name="defineDriver" time="10.049"/>
  <system-out/>
  <testcase classname="phase2_TestNG_Basics001.Phase2_TestNG005_Dataprovider" name="loginMethod" time="3.235"/>
  <system-out/>
  <testcase classname="phase2_TestNG_Basics001.Phase2_TestNG005_Dataprovider" name="loginMethod" time="3.348"/>
  <system-out/>
  <testcase classname="phase2_TestNG_Basics001.Phase2_TestNG005_Dataprovider" name="loginMethod" time="3.584"/>
  <system-out/>
</testsuite> <!-- phase2_TestNG_Basics001.Phase2_TestNG005_Dataprovider -->
