<?xml version="1.0" encoding="UTF-8"?>
<!-- Generated by org.testng.reporters.JUnitReportReporter -->
<testsuite hostname="CDWILT004" failures="0" tests="1" name="phase2_TestNG_Basics002.phase2_ExtentReport001" time="0.445" errors="0" timestamp="2022-06-03T14:04:41 SGT" skipped="0">
  <testcase classname="phase2_TestNG_Basics002.phase2_ExtentReport001" name="extentReport" time="0.445"/>
  <system-out/>
</testsuite> <!-- phase2_TestNG_Basics002.phase2_ExtentReport001 -->
