<?xml version="1.0" encoding="UTF-8"?>
<!-- Generated by org.testng.reporters.JUnitReportReporter -->
<testsuite hostname="CDWILT004" failures="0" tests="1" name="phase2_TestNG_Basics001.Phase2_TestNG006_Parallel" time="5.912" errors="0" timestamp="2022-06-22T15:29:47 SGT" skipped="0">
  <testcase classname="phase2_TestNG_Basics001.Phase2_TestNG006_Parallel" name="parallelMethod" time="5.912"/>
  <system-out/>
</testsuite> <!-- phase2_TestNG_Basics001.Phase2_TestNG006_Parallel -->
